<?xml version="1.0" encoding="UTF-8"?>
<!-- Generated by org.testng.reporters.JUnitReportReporter -->
<testsuite skipped="0" hostname="LP-PC0MQFYK" name="WindowHandling.WindowHandling" tests="1" failures="0" timestamp="30 Mar 2019 15:52:10 GMT" time="23.180" errors="0">
  <testcase name="f" time="23.180" classname="WindowHandling.WindowHandling"/>
</testsuite> <!-- WindowHandling.WindowHandling -->
