<?xml version="1.0" encoding="UTF-8"?>
<!-- Generated by org.testng.reporters.JUnitReportReporter -->
<testsuite skipped="0" hostname="LP-PC0MQFYK" name="Dropdown.Dropdown" tests="1" failures="0" timestamp="29 Mar 2019 11:13:15 GMT" time="24.270" errors="0">
  <testcase name="f" time="24.270" classname="Dropdown.Dropdown"/>
</testsuite> <!-- Dropdown.Dropdown -->
