<?xml version="1.0" encoding="UTF-8"?>
<!-- Generated by org.testng.reporters.JUnitReportReporter -->
<testsuite skipped="0" hostname="LP-PC0MQFYK" name="SeleniumGrid.SeleniumGrid" tests="1" failures="0" timestamp="21 Apr 2019 07:19:35 GMT" time="9.047" errors="0">
  <testcase name="f" time="9.047" classname="SeleniumGrid.SeleniumGrid"/>
</testsuite> <!-- SeleniumGrid.SeleniumGrid -->
