<?xml version="1.0" encoding="UTF-8"?>
<!-- Generated by org.testng.reporters.JUnitReportReporter -->
<testsuite skipped="0" hostname="LP-PC0MQFYK" name="FileUpload.FileUpload" tests="1" failures="0" timestamp="23 Mar 2019 13:40:24 GMT" time="12.827" errors="0">
  <testcase name="f" time="12.827" classname="FileUpload.FileUpload"/>
</testsuite> <!-- FileUpload.FileUpload -->
