<?xml version="1.0" encoding="UTF-8"?>
<!-- Generated by org.testng.reporters.JUnitReportReporter -->
<testsuite skipped="0" hostname="LP-PC0MQFYK" name="TestNGBasic.TestNGBasic" tests="2" failures="0" timestamp="20 Apr 2019 16:39:28 GMT" time="0.000" errors="0">
  <testcase name="TestCase1" time="0.000" classname="TestNGBasic.TestNGBasic"/>
  <testcase name="TestCase2" time="0.000" classname="TestNGBasic.TestNGBasic"/>
</testsuite> <!-- TestNGBasic.TestNGBasic -->
